2022-08-31T18:24:49+00:00 CRITICAL Cannot redeclare getUserIpAddr() (previously declared in D:\wamp64\www\my_wp_plugin\wp-content\plugins\like-dislike-post\inc\btns.php:12) in D:\wamp64\www\my_wp_plugin\wp-content\plugins\like-dislike-post\inc\btns.php on line 12

2022-08-31T18:26:06+00:00 CRITICAL Cannot redeclare getUserIpAddr() (previously declared in D:\wamp64\www\my_wp_plugin\wp-content\plugins\like-dislike-post\inc\btns.php:12) in D:\wamp64\www\my_wp_plugin\wp-content\plugins\like-dislike-post\inc\btns.php on line 12

2022-08-31T18:29:02+00:00 CRITICAL Cannot redeclare getUserIpAddr() (previously declared in D:\wamp64\www\my_wp_plugin\wp-content\plugins\like-dislike-post\inc\btns.php:12) in D:\wamp64\www\my_wp_plugin\wp-content\plugins\like-dislike-post\inc\btns.php on line 12

2022-08-31T18:30:39+00:00 CRITICAL Cannot redeclare getUserIpAddrs() (previously declared in D:\wamp64\www\my_wp_plugin\wp-content\plugins\like-dislike-post\inc\btns.php:12) in D:\wamp64\www\my_wp_plugin\wp-content\plugins\like-dislike-post\inc\btns.php on line 12

2022-08-31T18:46:23+00:00 CRITICAL Uncaught Error: Call to undefined function register_custom_taxonomy_course() in D:\wamp64\www\my_wp_plugin\wp-content\plugins\test_plugin\test_plugin.php:101
Stack trace:
#0 D:\wamp64\www\my_wp_plugin\wp-includes\class-wp-hook.php(307): test_plugin_activate(false)
#1 D:\wamp64\www\my_wp_plugin\wp-includes\class-wp-hook.php(331): WP_Hook->apply_filters('', Array)
#2 D:\wamp64\www\my_wp_plugin\wp-includes\plugin.php(476): WP_Hook->do_action(Array)
#3 D:\wamp64\www\my_wp_plugin\wp-admin\includes\plugin.php(691): do_action('activate_test_p...', false)
#4 D:\wamp64\www\my_wp_plugin\wp-admin\plugins.php(58): activate_plugin('test_plugin/tes...', 'http://localhos...', false)
#5 {main}
  thrown in D:\wamp64\www\my_wp_plugin\wp-content\plugins\test_plugin\test_plugin.php on line 101

2022-08-31T18:46:29+00:00 CRITICAL Uncaught Error: Call to undefined function register_custom_taxonomy_course() in D:\wamp64\www\my_wp_plugin\wp-content\plugins\test_plugin\test_plugin.php:101
Stack trace:
#0 D:\wamp64\www\my_wp_plugin\wp-includes\class-wp-hook.php(307): test_plugin_activate('')
#1 D:\wamp64\www\my_wp_plugin\wp-includes\class-wp-hook.php(331): WP_Hook->apply_filters('', Array)
#2 D:\wamp64\www\my_wp_plugin\wp-includes\plugin.php(476): WP_Hook->do_action(Array)
#3 D:\wamp64\www\my_wp_plugin\wp-admin\plugins.php(194): do_action('activate_test_p...')
#4 {main}
  thrown in D:\wamp64\www\my_wp_plugin\wp-content\plugins\test_plugin\test_plugin.php on line 101

2022-08-31T18:46:30+00:00 CRITICAL Uncaught Error: Call to undefined function register_custom_taxonomy_course() in D:\wamp64\www\my_wp_plugin\wp-content\plugins\test_plugin\test_plugin.php:101
Stack trace:
#0 D:\wamp64\www\my_wp_plugin\wp-includes\class-wp-hook.php(307): test_plugin_activate('')
#1 D:\wamp64\www\my_wp_plugin\wp-includes\class-wp-hook.php(331): WP_Hook->apply_filters('', Array)
#2 D:\wamp64\www\my_wp_plugin\wp-includes\plugin.php(476): WP_Hook->do_action(Array)
#3 D:\wamp64\www\my_wp_plugin\wp-admin\plugins.php(194): do_action('activate_test_p...')
#4 {main}
  thrown in D:\wamp64\www\my_wp_plugin\wp-content\plugins\test_plugin\test_plugin.php on line 101

